League of Legends caused ACCESS_VIOLATION in module League of Legends

Read from location 00000000 caused an access violation.

User Information:
    User Name: bodah
    Computer Name: DESKTOP-13Q4GMC

System Information:
    4 processor(s), type 586.
    92% of memory in use.
    2046M total physical memory.
    147M free physical memory.
    4606M total paging file.
    1192M free paging file.
    2047M total virtual memory.
    1651M free virtual memory.

Process Memory:
    1651M free.
      58M reserved.
     337M commited.
    Largest free block is 1000M.

    PageFaultCount: 61387
    PeakWorkingSetSize: 79M
    WorkingSetSize: 79M
    QuotaPeakPagedPoolUsage: 0M
    QuotaPagedPoolUsage: 0M
    QuotaPeakNonPagedPoolUsage: 0M
    QuotaNonPagedPoolUsage: 0M
    PagefileUsage: 224M
    PeakPagefileUsage: 232M

