League of Legends caused ACCESS_VIOLATION in module League of Legends

Read from location 00000000 caused an access violation.

User Information:
    User Name: bodah
    Computer Name: DESKTOP-13Q4GMC

System Information:
    4 processor(s), type 586.
    91% of memory in use.
    2046M total physical memory.
    177M free physical memory.
    4606M total paging file.
    1324M free paging file.
    2047M total virtual memory.
    1652M free virtual memory.

Process Memory:
    1652M free.
      58M reserved.
     336M commited.
    Largest free block is 1014M.

    PageFaultCount: 59837
    PeakWorkingSetSize: 75M
    WorkingSetSize: 74M
    QuotaPeakPagedPoolUsage: 0M
    QuotaPagedPoolUsage: 0M
    QuotaPeakNonPagedPoolUsage: 0M
    QuotaNonPagedPoolUsage: 0M
    PagefileUsage: 219M
    PeakPagefileUsage: 227M

