League of Legends caused ACCESS_VIOLATION in module League of Legends

Read from location 00000000 caused an access violation.

User Information:
    User Name: bodah
    Computer Name: DESKTOP-13Q4GMC

System Information:
    4 processor(s), type 586.
    81% of memory in use.
    2046M total physical memory.
    377M free physical memory.
    4606M total paging file.
    1449M free paging file.
    2047M total virtual memory.
    1652M free virtual memory.

Process Memory:
    1652M free.
      58M reserved.
     336M commited.
    Largest free block is 1010M.

    PageFaultCount: 61831
    PeakWorkingSetSize: 79M
    WorkingSetSize: 78M
    QuotaPeakPagedPoolUsage: 0M
    QuotaPagedPoolUsage: 0M
    QuotaPeakNonPagedPoolUsage: 0M
    QuotaNonPagedPoolUsage: 0M
    PagefileUsage: 223M
    PeakPagefileUsage: 230M

